<?xml version="1.0" encoding="UTF-8"?>
<!-- Generated by org.testng.reporters.JUnitReportReporter -->
<testsuite hostname="Antons-MacBook-Pro-2.local" failures="0" tests="1" name="MyClass" time="18.565" errors="0" timestamp="03 Nov 2018 23:03:09 GMT" skipped="0">
  <testcase classname="MyClass" name="testSample" time="18.565"/>
</testsuite> <!-- MyClass -->
